#
# A fatal error has been detected by the Java Runtime Environment:
#
#  Internal Error (oopMapCache.cpp:110), pid=39562, tid=41475
#  Error: ShouldNotReachHere()
#
# JRE version: Java(TM) SE Runtime Environment (13.0.2+8) (build 13.0.2+8)
# Java VM: Java HotSpot(TM) 64-Bit Server VM (13.0.2+8, mixed mode, sharing, tiered, compressed oops, g1 gc, bsd-amd64)
# No core dump will be written. Core dumps have been disabled. To enable core dumping, try "ulimit -c unlimited" before starting Java again
#
# If you would like to submit a bug report, please visit:
#   http://bugreport.java.com/bugreport/crash.jsp
#

---------------  S U M M A R Y ------------

Command Line: -agentlib:jdwp=transport=dt_socket,address=127.0.0.1:56563,suspend=y,server=n -javaagent:/Users/conor/Library/Caches/IntelliJIdea2019.3/groovyHotSwap/gragent.jar -javaagent:/Users/conor/Library/Caches/IntelliJIdea2019.3/captureAgent/debugger-agent.jar -Dfile.encoding=UTF-8 SocketTestKt

Host: MacBookAir7,2 x86_64 1600 MHz, 4 cores, 4G, Darwin 19.3.0
Time: Thu Jun 25 16:35:15 2020 NZST elapsed time: 500 seconds (0d 0h 8m 20s)

---------------  T H R E A D  ---------------

Current thread (0x00007fabee8f7800):  JavaThread "JDWP Transport Listener: dt_socket" daemon [_thread_in_vm, id=41475, stack(0x000070000e9c6000,0x000070000eac6000)] _threads_hazard_ptr=0x00007fabecf31bd0

Stack: [0x000070000e9c6000,0x000070000eac6000],  sp=0x000070000eac52d0,  free space=1020k
Native frames: (J=compiled Java code, A=aot compiled Java code, j=interpreted, Vv=VM code, C=native code)
V  [libjvm.dylib+0x77ae05]  VMError::report_and_die(int, char const*, char const*, __va_list_tag*, Thread*, unsigned char*, void*, void*, char const*, int, unsigned long)+0x671
V  [libjvm.dylib+0x77b3f5]  VMError::report_and_die(Thread*, void*, char const*, int, char const*, char const*, __va_list_tag*)+0x47
V  [libjvm.dylib+0x2588f8]  report_vm_error(char const*, int, char const*, char const*, ...)+0xa9
V  [libjvm.dylib+0x617c7c]  OopMapForCacheEntry::compute_map(Thread*)+0x7e
V  [libjvm.dylib+0x618434]  OopMapCacheEntry::fill(methodHandle const&, int)+0xac
V  [libjvm.dylib+0x618d65]  OopMapCache::compute_one_oop_map(methodHandle const&, int, InterpreterOopMap*)+0x5d
V  [libjvm.dylib+0x5e1864]  Method::mask_for(int, InterpreterOopMap*)+0x7e
V  [libjvm.dylib+0x770a02]  interpretedVFrame::stack_data(bool) const+0x48
V  [libjvm.dylib+0x4f9431]  VM_GetOrSetLocal::check_slot_type_no_lvt(javaVFrame*)+0x4d
V  [libjvm.dylib+0x4f94df]  VM_GetOrSetLocal::doit_prologue()+0x4f
V  [libjvm.dylib+0x783af0]  VMThread::execute(VM_Operation*)+0x13e
V  [libjvm.dylib+0x4e5682]  JvmtiEnv::GetLocalObject(JavaThread*, int, int, _jobject**)+0x54
V  [libjvm.dylib+0x4a79d7]  jvmti_GetLocalObject(_jvmtiEnv*, _jobject*, int, int, _jobject**)+0x157
C  [libjdwp.dylib+0x75dc]  thisObject+0x1ac
C  [libjdwp.dylib+0xece9]  debugLoop_run+0x1f1
C  [libjdwp.dylib+0x1fe0c]  attachThread+0x4c
V  [libjvm.dylib+0x4f7f42]  JvmtiAgentThread::call_start_function()+0x38
V  [libjvm.dylib+0x72a2f4]  JavaThread::thread_main_inner()+0x86
V  [libjvm.dylib+0x72a132]  JavaThread::run()+0x124
V  [libjvm.dylib+0x727f51]  Thread::call_run()+0x71
V  [libjvm.dylib+0x6206a5]  thread_native_entry(Thread*)+0x132
C  [libsystem_pthread.dylib+0x5e65]  _pthread_start+0x94
C  [libsystem_pthread.dylib+0x183b]  thread_start+0xf


---------------  P R O C E S S  ---------------

Threads class SMR info:
_java_thread_list=0x00007fabecf31bd0, length=14, elements={
0x00007fabee009800, 0x00007fabee00a800, 0x00007fabee81f800, 0x00007fabee803000,
0x00007fabee820800, 0x00007fabee873800, 0x00007fabee00e000, 0x00007fabee8f7800,
0x00007fabee00f000, 0x00007fabed032000, 0x00007fabed85c800, 0x00007fabed85d800,
0x00007fabed053000, 0x00007fabee00b800
}

Java Threads: ( => current thread )
  0x00007fabee009800 JavaThread "Reference Handler" daemon [_thread_blocked, id=17667, stack(0x000070000e1ab000,0x000070000e2ab000)]
  0x00007fabee00a800 JavaThread "Finalizer" daemon [_thread_blocked, id=16899, stack(0x000070000e2ae000,0x000070000e3ae000)]
  0x00007fabee81f800 JavaThread "Signal Dispatcher" daemon [_thread_blocked, id=21763, stack(0x000070000e4b7000,0x000070000e5b7000)]
  0x00007fabee803000 JavaThread "C2 CompilerThread0" daemon [_thread_blocked, id=43267, stack(0x000070000e5ba000,0x000070000e6ba000)]
  0x00007fabee820800 JavaThread "C1 CompilerThread0" daemon [_thread_blocked, id=22787, stack(0x000070000e6bd000,0x000070000e7bd000)]
  0x00007fabee873800 JavaThread "Sweeper thread" daemon [_thread_blocked, id=42243, stack(0x000070000e7c0000,0x000070000e8c0000)]
  0x00007fabee00e000 JavaThread "Common-Cleaner" daemon [_thread_blocked, id=41987, stack(0x000070000e8c3000,0x000070000e9c3000)]
=>0x00007fabee8f7800 JavaThread "JDWP Transport Listener: dt_socket" daemon [_thread_in_vm, id=41475, stack(0x000070000e9c6000,0x000070000eac6000)] _threads_hazard_ptr=0x00007fabecf31bd0
  0x00007fabee00f000 JavaThread "JDWP Event Helper Thread" daemon [_thread_blocked, id=40963, stack(0x000070000eac9000,0x000070000ebc9000)]
  0x00007fabed032000 JavaThread "JDWP Command Reader" daemon [_thread_in_native, id=24579, stack(0x000070000ebcc000,0x000070000eccc000)]
  0x00007fabed85c800 JavaThread "Service Thread" daemon [_thread_blocked, id=40451, stack(0x000070000eccf000,0x000070000edcf000)]
  0x00007fabed85d800 JavaThread "Thread-0" [_thread_in_native, id=25603, stack(0x000070000eed5000,0x000070000efd5000)]
  0x00007fabed053000 JavaThread "Thread-1" [_thread_blocked, id=39683, stack(0x000070000efd8000,0x000070000f0d8000)]
  0x00007fabee00b800 JavaThread "DestroyJavaVM" [_thread_blocked, id=9987, stack(0x000070000da96000,0x000070000db96000)]

Other Threads:
  0x00007fabed843800 VMThread "VM Thread" [stack: 0x000070000e0a8000,0x000070000e1a8000] [id=13315]
  0x00007fabee98c800 WatcherThread [stack: 0x000070000edd2000,0x000070000eed2000] [id=40195]
  0x00007fabed827000 GCTaskThread "GC Thread#0" [stack: 0x000070000db99000,0x000070000dc99000] [id=20739]
  0x00007fabed11e800 GCTaskThread "GC Thread#1" [stack: 0x000070000f0db000,0x000070000f1db000] [id=14859]
  0x00007fabed11f000 GCTaskThread "GC Thread#2" [stack: 0x000070000f1de000,0x000070000f2de000] [id=38915]
  0x00007fabed88d000 GCTaskThread "GC Thread#3" [stack: 0x000070000f2e1000,0x000070000f3e1000] [id=38403]
  0x00007fabed005000 ConcurrentGCThread "G1 Main Marker" [stack: 0x000070000dc9c000,0x000070000dd9c000] [id=11523]
  0x00007fabed006000 ConcurrentGCThread "G1 Conc#0" [stack: 0x000070000dd9f000,0x000070000de9f000] [id=12035]
  0x00007fabed840800 ConcurrentGCThread "G1 Refine#0" [stack: 0x000070000dea2000,0x000070000dfa2000] [id=19715]
  0x00007fabed027800 ConcurrentGCThread "G1 Young RemSet Sampling" [stack: 0x000070000dfa5000,0x000070000e0a5000] [id=19203]

Threads with active compile tasks:

VM state:not at safepoint (normal execution)

VM Mutex/Monitor currently owned by a thread: None

Heap address: 0x00000007c0000000, size: 1024 MB, Compressed Oops mode: Zero based, Oop shift amount: 3
Narrow klass base: 0x0000000800000000, Narrow klass shift: 3
Compressed class space size: 1073741824 Address: 0x0000000800ae0000

Heap:
 garbage-first heap   total 67584K, used 12130K [0x00000007c0000000, 0x0000000800000000)
  region size 1024K, 13 young (13312K), 2 survivors (2048K)
 Metaspace       used 2669K, capacity 5428K, committed 5760K, reserved 1056768K
  class space    used 284K, capacity 532K, committed 640K, reserved 1048576K
Heap Regions: E=young(eden), S=young(survivor), O=old, HS=humongous(starts), HC=humongous(continues), CS=collection set, F=free, A=archive, TAMS=top-at-mark-start (previous, next)
|   0|0x00000007c0000000, 0x00000007c0000000, 0x00000007c0100000|  0%| F|  |TAMS 0x00000007c0000000, 0x00000007c0000000| Untracked 
|   1|0x00000007c0100000, 0x00000007c0100000, 0x00000007c0200000|  0%| F|  |TAMS 0x00000007c0100000, 0x00000007c0100000| Untracked 
|   2|0x00000007c0200000, 0x00000007c0200000, 0x00000007c0300000|  0%| F|  |TAMS 0x00000007c0200000, 0x00000007c0200000| Untracked 
|   3|0x00000007c0300000, 0x00000007c0300000, 0x00000007c0400000|  0%| F|  |TAMS 0x00000007c0300000, 0x00000007c0300000| Untracked 
|   4|0x00000007c0400000, 0x00000007c0400000, 0x00000007c0500000|  0%| F|  |TAMS 0x00000007c0400000, 0x00000007c0400000| Untracked 
|   5|0x00000007c0500000, 0x00000007c0500000, 0x00000007c0600000|  0%| F|  |TAMS 0x00000007c0500000, 0x00000007c0500000| Untracked 
|   6|0x00000007c0600000, 0x00000007c0600000, 0x00000007c0700000|  0%| F|  |TAMS 0x00000007c0600000, 0x00000007c0600000| Untracked 
|   7|0x00000007c0700000, 0x00000007c0700000, 0x00000007c0800000|  0%| F|  |TAMS 0x00000007c0700000, 0x00000007c0700000| Untracked 
|   8|0x00000007c0800000, 0x00000007c0800000, 0x00000007c0900000|  0%| F|  |TAMS 0x00000007c0800000, 0x00000007c0800000| Untracked 
|   9|0x00000007c0900000, 0x00000007c0900000, 0x00000007c0a00000|  0%| F|  |TAMS 0x00000007c0900000, 0x00000007c0900000| Untracked 
|  10|0x00000007c0a00000, 0x00000007c0a00000, 0x00000007c0b00000|  0%| F|  |TAMS 0x00000007c0a00000, 0x00000007c0a00000| Untracked 
|  11|0x00000007c0b00000, 0x00000007c0b00000, 0x00000007c0c00000|  0%| F|  |TAMS 0x00000007c0b00000, 0x00000007c0b00000| Untracked 
|  12|0x00000007c0c00000, 0x00000007c0c00000, 0x00000007c0d00000|  0%| F|  |TAMS 0x00000007c0c00000, 0x00000007c0c00000| Untracked 
|  13|0x00000007c0d00000, 0x00000007c0d00000, 0x00000007c0e00000|  0%| F|  |TAMS 0x00000007c0d00000, 0x00000007c0d00000| Untracked 
|  14|0x00000007c0e00000, 0x00000007c0e00000, 0x00000007c0f00000|  0%| F|  |TAMS 0x00000007c0e00000, 0x00000007c0e00000| Untracked 
|  15|0x00000007c0f00000, 0x00000007c0f00000, 0x00000007c1000000|  0%| F|  |TAMS 0x00000007c0f00000, 0x00000007c0f00000| Untracked 
|  16|0x00000007c1000000, 0x00000007c1000000, 0x00000007c1100000|  0%| F|  |TAMS 0x00000007c1000000, 0x00000007c1000000| Untracked 
|  17|0x00000007c1100000, 0x00000007c1100000, 0x00000007c1200000|  0%| F|  |TAMS 0x00000007c1100000, 0x00000007c1100000| Untracked 
|  18|0x00000007c1200000, 0x00000007c1200000, 0x00000007c1300000|  0%| F|  |TAMS 0x00000007c1200000, 0x00000007c1200000| Untracked 
|  19|0x00000007c1300000, 0x00000007c1300000, 0x00000007c1400000|  0%| F|  |TAMS 0x00000007c1300000, 0x00000007c1300000| Untracked 
|  20|0x00000007c1400000, 0x00000007c1400000, 0x00000007c1500000|  0%| F|  |TAMS 0x00000007c1400000, 0x00000007c1400000| Untracked 
|  21|0x00000007c1500000, 0x00000007c1500000, 0x00000007c1600000|  0%| F|  |TAMS 0x00000007c1500000, 0x00000007c1500000| Untracked 
|  22|0x00000007c1600000, 0x00000007c1600000, 0x00000007c1700000|  0%| F|  |TAMS 0x00000007c1600000, 0x00000007c1600000| Untracked 
|  23|0x00000007c1700000, 0x00000007c1700000, 0x00000007c1800000|  0%| F|  |TAMS 0x00000007c1700000, 0x00000007c1700000| Untracked 
|  24|0x00000007c1800000, 0x00000007c1800000, 0x00000007c1900000|  0%| F|  |TAMS 0x00000007c1800000, 0x00000007c1800000| Untracked 
|  25|0x00000007c1900000, 0x00000007c1900000, 0x00000007c1a00000|  0%| F|  |TAMS 0x00000007c1900000, 0x00000007c1900000| Untracked 
|  26|0x00000007c1a00000, 0x00000007c1a00000, 0x00000007c1b00000|  0%| F|  |TAMS 0x00000007c1a00000, 0x00000007c1a00000| Untracked 
|  27|0x00000007c1b00000, 0x00000007c1b00000, 0x00000007c1c00000|  0%| F|  |TAMS 0x00000007c1b00000, 0x00000007c1b00000| Untracked 
|  28|0x00000007c1c00000, 0x00000007c1c00000, 0x00000007c1d00000|  0%| F|  |TAMS 0x00000007c1c00000, 0x00000007c1c00000| Untracked 
|  29|0x00000007c1d00000, 0x00000007c1d00000, 0x00000007c1e00000|  0%| F|  |TAMS 0x00000007c1d00000, 0x00000007c1d00000| Untracked 
|  30|0x00000007c1e00000, 0x00000007c1e00000, 0x00000007c1f00000|  0%| F|  |TAMS 0x00000007c1e00000, 0x00000007c1e00000| Untracked 
|  31|0x00000007c1f00000, 0x00000007c1f00000, 0x00000007c2000000|  0%| F|  |TAMS 0x00000007c1f00000, 0x00000007c1f00000| Untracked 
|  32|0x00000007c2000000, 0x00000007c2000000, 0x00000007c2100000|  0%| F|  |TAMS 0x00000007c2000000, 0x00000007c2000000| Untracked 
|  33|0x00000007c2100000, 0x00000007c2100000, 0x00000007c2200000|  0%| F|  |TAMS 0x00000007c2100000, 0x00000007c2100000| Untracked 
|  34|0x00000007c2200000, 0x00000007c2200000, 0x00000007c2300000|  0%| F|  |TAMS 0x00000007c2200000, 0x00000007c2200000| Untracked 
|  35|0x00000007c2300000, 0x00000007c2300000, 0x00000007c2400000|  0%| F|  |TAMS 0x00000007c2300000, 0x00000007c2300000| Untracked 
|  36|0x00000007c2400000, 0x00000007c2400000, 0x00000007c2500000|  0%| F|  |TAMS 0x00000007c2400000, 0x00000007c2400000| Untracked 
|  37|0x00000007c2500000, 0x00000007c2500000, 0x00000007c2600000|  0%| F|  |TAMS 0x00000007c2500000, 0x00000007c2500000| Untracked 
|  38|0x00000007c2600000, 0x00000007c2600000, 0x00000007c2700000|  0%| F|  |TAMS 0x00000007c2600000, 0x00000007c2600000| Untracked 
|  39|0x00000007c2700000, 0x00000007c2700000, 0x00000007c2800000|  0%| F|  |TAMS 0x00000007c2700000, 0x00000007c2700000| Untracked 
|  40|0x00000007c2800000, 0x00000007c2800000, 0x00000007c2900000|  0%| F|  |TAMS 0x00000007c2800000, 0x00000007c2800000| Untracked 
|  41|0x00000007c2900000, 0x00000007c2900000, 0x00000007c2a00000|  0%| F|  |TAMS 0x00000007c2900000, 0x00000007c2900000| Untracked 
|  42|0x00000007c2a00000, 0x00000007c2a00000, 0x00000007c2b00000|  0%| F|  |TAMS 0x00000007c2a00000, 0x00000007c2a00000| Untracked 
|  43|0x00000007c2b00000, 0x00000007c2b00000, 0x00000007c2c00000|  0%| F|  |TAMS 0x00000007c2b00000, 0x00000007c2b00000| Untracked 
|  44|0x00000007c2c00000, 0x00000007c2c00000, 0x00000007c2d00000|  0%| F|  |TAMS 0x00000007c2c00000, 0x00000007c2c00000| Untracked 
|  45|0x00000007c2d00000, 0x00000007c2d00000, 0x00000007c2e00000|  0%| F|  |TAMS 0x00000007c2d00000, 0x00000007c2d00000| Untracked 
|  46|0x00000007c2e00000, 0x00000007c2e00000, 0x00000007c2f00000|  0%| F|  |TAMS 0x00000007c2e00000, 0x00000007c2e00000| Untracked 
|  47|0x00000007c2f00000, 0x00000007c2f00000, 0x00000007c3000000|  0%| F|  |TAMS 0x00000007c2f00000, 0x00000007c2f00000| Untracked 
|  48|0x00000007c3000000, 0x00000007c301aa90, 0x00000007c3100000| 10%| S|CS|TAMS 0x00000007c3000000, 0x00000007c3000000| Complete 
|  49|0x00000007c3100000, 0x00000007c3200000, 0x00000007c3200000|100%| S|CS|TAMS 0x00000007c3100000, 0x00000007c3100000| Complete 
|  50|0x00000007c3200000, 0x00000007c3200000, 0x00000007c3300000|  0%| F|  |TAMS 0x00000007c3200000, 0x00000007c3200000| Untracked 
|  51|0x00000007c3300000, 0x00000007c3300000, 0x00000007c3400000|  0%| F|  |TAMS 0x00000007c3300000, 0x00000007c3300000| Untracked 
|  52|0x00000007c3400000, 0x00000007c3400000, 0x00000007c3500000|  0%| F|  |TAMS 0x00000007c3400000, 0x00000007c3400000| Untracked 
|  53|0x00000007c3500000, 0x00000007c3600000, 0x00000007c3600000|100%| E|  |TAMS 0x00000007c3500000, 0x00000007c3500000| Complete 
|  54|0x00000007c3600000, 0x00000007c3700000, 0x00000007c3700000|100%| E|CS|TAMS 0x00000007c3600000, 0x00000007c3600000| Complete 
|  55|0x00000007c3700000, 0x00000007c3800000, 0x00000007c3800000|100%| E|CS|TAMS 0x00000007c3700000, 0x00000007c3700000| Complete 
|  56|0x00000007c3800000, 0x00000007c3900000, 0x00000007c3900000|100%| E|CS|TAMS 0x00000007c3800000, 0x00000007c3800000| Complete 
|  57|0x00000007c3900000, 0x00000007c3a00000, 0x00000007c3a00000|100%| E|CS|TAMS 0x00000007c3900000, 0x00000007c3900000| Complete 
|  58|0x00000007c3a00000, 0x00000007c3b00000, 0x00000007c3b00000|100%| E|CS|TAMS 0x00000007c3a00000, 0x00000007c3a00000| Complete 
|  59|0x00000007c3b00000, 0x00000007c3c00000, 0x00000007c3c00000|100%| E|CS|TAMS 0x00000007c3b00000, 0x00000007c3b00000| Complete 
|  60|0x00000007c3c00000, 0x00000007c3d00000, 0x00000007c3d00000|100%| E|CS|TAMS 0x00000007c3c00000, 0x00000007c3c00000| Complete 
|  61|0x00000007c3d00000, 0x00000007c3e00000, 0x00000007c3e00000|100%| E|CS|TAMS 0x00000007c3d00000, 0x00000007c3d00000| Complete 
|  62|0x00000007c3e00000, 0x00000007c3f00000, 0x00000007c3f00000|100%| E|CS|TAMS 0x00000007c3e00000, 0x00000007c3e00000| Complete 
|  63|0x00000007c3f00000, 0x00000007c4000000, 0x00000007c4000000|100%| E|CS|TAMS 0x00000007c3f00000, 0x00000007c3f00000| Complete 
|1022|0x00000007ffe00000, 0x00000007ffe47000, 0x00000007fff00000| 27%|OA|  |TAMS 0x00000007ffe00000, 0x00000007ffe00000| Untracked 
|1023|0x00000007fff00000, 0x00000007fff77000, 0x0000000800000000| 46%|CA|  |TAMS 0x00000007fff00000, 0x00000007fff00000| Untracked 

Card table byte_map: [0x0000000118096000,0x0000000118296000] _byte_map_base: 0x0000000114296000

Marking Bits (Prev, Next): (CMBitMap*) 0x00007fabed004a18, (CMBitMap*) 0x00007fabed004a58
 Prev Bits: [0x0000000118496000, 0x0000000119496000)
 Next Bits: [0x0000000119496000, 0x000000011a496000)

Polling page: 0x000000010dcb8000

Metaspace:

Usage:
  Non-class:      4.78 MB capacity,     2.33 MB ( 49%) used,     2.45 MB ( 51%) free+waste,     5.62 KB ( <1%) overhead. 
      Class:    532.00 KB capacity,   284.44 KB ( 53%) used,   244.50 KB ( 46%) free+waste,     3.06 KB ( <1%) overhead. 
       Both:      5.30 MB capacity,     2.61 MB ( 49%) used,     2.69 MB ( 51%) free+waste,     8.69 KB ( <1%) overhead. 

Virtual space:
  Non-class space:        8.00 MB reserved,       5.00 MB ( 62%) committed 
      Class space:        1.00 GB reserved,     640.00 KB ( <1%) committed 
             Both:        1.01 GB reserved,       5.62 MB ( <1%) committed 

Chunk freelists:
   Non-Class:  48.00 KB
       Class:  0 bytes
        Both:  48.00 KB

MaxMetaspaceSize: unlimited
CompressedClassSpaceSize: 1.00 GB

CodeHeap 'non-profiled nmethods': size=120032Kb used=254Kb max_used=254Kb free=119777Kb
 bounds [0x00000001228b4000, 0x0000000122b24000, 0x0000000129dec000]
CodeHeap 'profiled nmethods': size=120028Kb used=1006Kb max_used=1006Kb free=119021Kb
 bounds [0x000000011b37d000, 0x000000011b5ed000, 0x00000001228b4000]
CodeHeap 'non-nmethods': size=5700Kb used=1228Kb max_used=1252Kb free=4471Kb
 bounds [0x000000011adec000, 0x000000011b05c000, 0x000000011b37d000]
 total_blobs=1184 nmethods=613 adapters=329
 compilation: enabled
              stopped_count=0, restarted_count=0
 full_count=0

Compilation events (20 events):
Event: 133.850 Thread 0x00007fabee820800  613       3       java.io.Writer::write (11 bytes)
Event: 133.851 Thread 0x00007fabee820800 nmethod 613 0x000000011b470610 code [0x000000011b4707c0, 0x000000011b470b28]
Event: 133.851 Thread 0x00007fabee820800  614   !   3       java.io.BufferedWriter::write (117 bytes)
Event: 133.852 Thread 0x00007fabee820800 nmethod 614 0x000000011b470c90 code [0x000000011b470ea0, 0x000000011b471668]
Event: 133.852 Thread 0x00007fabee820800  615       3       java.io.PrintStream::ensureOpen (18 bytes)
Event: 133.853 Thread 0x00007fabee820800 nmethod 615 0x000000011b471a10 code [0x000000011b471bc0, 0x000000011b471e88]
Event: 137.101 Thread 0x00007fabee820800  616       3       java.nio.Buffer::<init> (99 bytes)
Event: 137.104 Thread 0x00007fabee820800 nmethod 616 0x000000011b471f90 code [0x000000011b472280, 0x000000011b4730d8]
Event: 142.368 Thread 0x00007fabee820800  617       3       java.lang.StringCoding::decodeUTF8 (45 bytes)
Event: 142.369 Thread 0x00007fabee820800 nmethod 617 0x000000011b473590 code [0x000000011b473780, 0x000000011b473de8]
Event: 142.369 Thread 0x00007fabee820800  618       3       java.lang.StringCoding$Result::with (12 bytes)
Event: 142.369 Thread 0x00007fabee820800 nmethod 618 0x000000011b474010 code [0x000000011b4741a0, 0x000000011b474370]
Event: 145.003 Thread 0x00007fabee820800  619       3       java.lang.String::<init> (55 bytes)
Event: 145.004 Thread 0x00007fabee820800 nmethod 619 0x000000011b474410 code [0x000000011b474600, 0x000000011b474a08]
Event: 145.004 Thread 0x00007fabee820800  620   !   3       java.lang.StringCoding::decode (300 bytes)
Event: 145.009 Thread 0x00007fabee820800 nmethod 620 0x000000011b474c10 code [0x000000011b4750a0, 0x000000011b477688]
Event: 155.296 Thread 0x00007fabee820800  621       3       java.lang.Class::cast (27 bytes)
Event: 155.297 Thread 0x00007fabee820800 nmethod 621 0x000000011b478590 code [0x000000011b478760, 0x000000011b478a98]
Event: 155.982 Thread 0x00007fabee803000  622       4       java.lang.AbstractStringBuilder::ensureCapacityInternal (39 bytes)
Event: 155.987 Thread 0x00007fabee803000 nmethod 622 0x00000001228f3190 code [0x00000001228f3320, 0x00000001228f36d8]

GC Heap History (2 events):
Event: 10.936 GC heap before
{Heap before GC invocations=0 (full 0):
 garbage-first heap   total 67584K, used 15096K [0x00000007c0000000, 0x0000000800000000)
  region size 1024K, 14 young (14336K), 0 survivors (0K)
 Metaspace       used 2086K, capacity 5291K, committed 5504K, reserved 1056768K
  class space    used 215K, capacity 529K, committed 640K, reserved 1048576K
}
Event: 10.946 GC heap after
{Heap after GC invocations=1 (full 0):
 garbage-first heap   total 67584K, used 1890K [0x00000007c0000000, 0x0000000800000000)
  region size 1024K, 2 young (2048K), 2 survivors (2048K)
 Metaspace       used 2086K, capacity 5291K, committed 5504K, reserved 1056768K
  class space    used 215K, capacity 529K, committed 640K, reserved 1048576K
}

Deoptimization events (20 events):
Event: 11.230 Thread 0x00007fabed85d800 DEOPT PACKING pc=0x000000011b3c0172 sp=0x000070000efd3230
Event: 11.230 Thread 0x00007fabed85d800 DEOPT UNPACKING pc=0x000000011ae3533a sp=0x000070000efd26b0 mode 0
Event: 142.184 Thread 0x00007fabee8f7800 DEOPT PACKING pc=0x000000011b3f4484 sp=0x000070000eac49e0
Event: 142.184 Thread 0x00007fabee8f7800 DEOPT UNPACKING pc=0x000000011ae3533a sp=0x000070000eac3ef0 mode 1
Event: 142.185 Thread 0x00007fabee8f7800 DEOPT PACKING pc=0x000000011b3f4484 sp=0x000070000eac49e0
Event: 142.185 Thread 0x00007fabee8f7800 DEOPT UNPACKING pc=0x000000011ae3533a sp=0x000070000eac3ef0 mode 1
Event: 142.185 Thread 0x00007fabee8f7800 DEOPT PACKING pc=0x000000011b3f4484 sp=0x000070000eac49e0
Event: 142.185 Thread 0x00007fabee8f7800 DEOPT UNPACKING pc=0x000000011ae3533a sp=0x000070000eac3ef0 mode 1
Event: 347.325 Thread 0x00007fabee8f7800 DEOPT PACKING pc=0x000000011b3f4484 sp=0x000070000eac49e0
Event: 347.325 Thread 0x00007fabee8f7800 DEOPT UNPACKING pc=0x000000011ae3533a sp=0x000070000eac3ef0 mode 1
Event: 347.326 Thread 0x00007fabee8f7800 DEOPT PACKING pc=0x000000011b3f4484 sp=0x000070000eac49e0
Event: 347.326 Thread 0x00007fabee8f7800 DEOPT UNPACKING pc=0x000000011ae3533a sp=0x000070000eac3ef0 mode 1
Event: 347.326 Thread 0x00007fabee8f7800 DEOPT PACKING pc=0x000000011b3f4484 sp=0x000070000eac49e0
Event: 347.326 Thread 0x00007fabee8f7800 DEOPT UNPACKING pc=0x000000011ae3533a sp=0x000070000eac3ef0 mode 1
Event: 500.317 Thread 0x00007fabee8f7800 DEOPT PACKING pc=0x000000011b3f4484 sp=0x000070000eac49e0
Event: 500.317 Thread 0x00007fabee8f7800 DEOPT UNPACKING pc=0x000000011ae3533a sp=0x000070000eac3ef0 mode 1
Event: 500.318 Thread 0x00007fabee8f7800 DEOPT PACKING pc=0x000000011b3f4484 sp=0x000070000eac49e0
Event: 500.318 Thread 0x00007fabee8f7800 DEOPT UNPACKING pc=0x000000011ae3533a sp=0x000070000eac3ef0 mode 1
Event: 500.320 Thread 0x00007fabee8f7800 DEOPT PACKING pc=0x000000011b3f4484 sp=0x000070000eac49e0
Event: 500.320 Thread 0x00007fabee8f7800 DEOPT UNPACKING pc=0x000000011ae3533a sp=0x000070000eac3ef0 mode 1

Classes unloaded (0 events):
No events

Classes redefined (15 events):
Event: 142.190 Thread 0x00007fabed843800 redefined class name=SocketTest$startReader$1, count=1
Event: 142.190 Thread 0x00007fabed843800 redefined class name=MyMessage, count=1
Event: 142.190 Thread 0x00007fabed843800 redefined class name=SocketTestKt, count=1
Event: 142.190 Thread 0x00007fabed843800 redefined class name=SocketTest$startSender$1, count=1
Event: 142.190 Thread 0x00007fabed843800 redefined class name=SocketTest, count=1
Event: 347.334 Thread 0x00007fabed843800 redefined class name=SocketTest$startReader$1, count=2
Event: 347.334 Thread 0x00007fabed843800 redefined class name=MyMessage, count=2
Event: 347.334 Thread 0x00007fabed843800 redefined class name=SocketTestKt, count=2
Event: 347.334 Thread 0x00007fabed843800 redefined class name=SocketTest$startSender$1, count=2
Event: 347.334 Thread 0x00007fabed843800 redefined class name=SocketTest, count=2
Event: 500.332 Thread 0x00007fabed843800 redefined class name=SocketTest$startReader$1, count=3
Event: 500.332 Thread 0x00007fabed843800 redefined class name=MyMessage, count=3
Event: 500.332 Thread 0x00007fabed843800 redefined class name=SocketTestKt, count=3
Event: 500.332 Thread 0x00007fabed843800 redefined class name=SocketTest$startSender$1, count=3
Event: 500.332 Thread 0x00007fabed843800 redefined class name=SocketTest, count=3

Internal exceptions (3 events):
Event: 0.647 Thread 0x00007fabed85d800 Exception <a 'java/lang/NoSuchMethodError'{0x00000007c3837510}: 'int java.lang.invoke.DirectMethodHandle$Holder.invokeSpecialIFC(java.lang.Object, java.lang.Object, int)'> (0x00000007c3837510) 
thrown [/scratch/mesos/slaves/d65fa3d4-10de-46aa-a2db-52cc9981537a-S157/frameworks/1735e8a2-a1db-478c-8104-60c8b0af87dd-0196/executors/cd04c109-7866-4c89-a9cb-580d1b4b0057/runs/bdf96710-70fa-465f-a6db-19a171d6559f/workspace/open/src/hotspot/share/interpreter/linkResolver.cpp, line 767]
Event: 10.892 Thread 0x00007fabed85d800 Implicit null exception at 0x00000001228dfce6 to 0x00000001228e098e
Event: 500.527 Thread 0x00007fabee8f7800 Exception <a 'java/lang/LinkageError'{0x00000007c36120e0}> (0x00000007c36120e0) 
thrown [/scratch/mesos/slaves/d65fa3d4-10de-46aa-a2db-52cc9981537a-S157/frameworks/1735e8a2-a1db-478c-8104-60c8b0af87dd-0196/executors/cd04c109-7866-4c89-a9cb-580d1b4b0057/runs/bdf96710-70fa-465f-a6db-19a171d6559f/workspace/open/src/hotspot/share/oops/generateOopMap.cpp, line 2140]

Events (20 events):
Event: 461.008 Executing VM operation: ChangeBreakpoints
Event: 461.008 Executing VM operation: ChangeBreakpoints done
Event: 461.308 Executing VM operation: ChangeBreakpoints
Event: 461.309 Executing VM operation: ChangeBreakpoints done
Event: 500.306 Executing VM operation: ChangeBreakpoints
Event: 500.307 Executing VM operation: ChangeBreakpoints done
Event: 500.320 Executing VM operation: RedefineClasses
Event: 500.344 Executing VM operation: RedefineClasses done
Event: 500.352 Executing VM operation: GetFrameCount
Event: 500.352 Executing VM operation: GetFrameCount done
Event: 500.353 Executing VM operation: GetFrameCount
Event: 500.353 Executing VM operation: GetFrameCount done
Event: 500.353 Executing VM operation: GetStackTrace
Event: 500.353 Executing VM operation: GetStackTrace done
Event: 500.399 Executing VM operation: ChangeBreakpoints
Event: 500.400 Executing VM operation: ChangeBreakpoints done
Event: 500.404 Executing VM operation: ChangeBreakpoints
Event: 500.404 Executing VM operation: ChangeBreakpoints done
Event: 500.527 Executing VM operation: GetFrameLocation
Event: 500.527 Executing VM operation: GetFrameLocation done


Dynamic libraries:
0x00007fff6a820000 	/usr/lib/libz.1.dylib
0x000000010dc54000 	/Library/Java/JavaVirtualMachines/jdk-13.0.2.jdk/Contents/Home/lib/libjli.dylib
0x00007fff32fbe000 	/System/Library/Frameworks/Cocoa.framework/Versions/A/Cocoa
0x00007fff4058c000 	/System/Library/Frameworks/Security.framework/Versions/A/Security
0x00007fff31f48000 	/System/Library/Frameworks/ApplicationServices.framework/Versions/A/ApplicationServices
0x00007fff682ef000 	/usr/lib/libSystem.B.dylib
0x00007fff6b296000 	/usr/lib/system/libcache.dylib
0x00007fff6b29c000 	/usr/lib/system/libcommonCrypto.dylib
0x00007fff6b2a8000 	/usr/lib/system/libcompiler_rt.dylib
0x00007fff6b2b0000 	/usr/lib/system/libcopyfile.dylib
0x00007fff6b2ba000 	/usr/lib/system/libcorecrypto.dylib
0x00007fff6b468000 	/usr/lib/system/libdispatch.dylib
0x00007fff6b4aa000 	/usr/lib/system/libdyld.dylib
0x00007fff6b4e0000 	/usr/lib/system/libkeymgr.dylib
0x00007fff6b4ee000 	/usr/lib/system/liblaunch.dylib
0x00007fff6b4ef000 	/usr/lib/system/libmacho.dylib
0x00007fff6b4f5000 	/usr/lib/system/libquarantine.dylib
0x00007fff6b4f8000 	/usr/lib/system/libremovefile.dylib
0x00007fff6b4fa000 	/usr/lib/system/libsystem_asl.dylib
0x00007fff6b512000 	/usr/lib/system/libsystem_blocks.dylib
0x00007fff6b513000 	/usr/lib/system/libsystem_c.dylib
0x00007fff6b59b000 	/usr/lib/system/libsystem_configuration.dylib
0x00007fff6b59f000 	/usr/lib/system/libsystem_coreservices.dylib
0x00007fff6b5a3000 	/usr/lib/system/libsystem_darwin.dylib
0x00007fff6b5ac000 	/usr/lib/system/libsystem_dnssd.dylib
0x00007fff6b5b4000 	/usr/lib/system/libsystem_featureflags.dylib
0x00007fff6b5b6000 	/usr/lib/system/libsystem_info.dylib
0x00007fff6b631000 	/usr/lib/system/libsystem_m.dylib
0x00007fff6b679000 	/usr/lib/system/libsystem_malloc.dylib
0x00007fff6b6a1000 	/usr/lib/system/libsystem_networkextension.dylib
0x00007fff6b6af000 	/usr/lib/system/libsystem_notify.dylib
0x00007fff6b6ce000 	/usr/lib/system/libsystem_sandbox.dylib
0x00007fff6b6d3000 	/usr/lib/system/libsystem_secinit.dylib
0x00007fff6b604000 	/usr/lib/system/libsystem_kernel.dylib
0x00007fff6b6b9000 	/usr/lib/system/libsystem_platform.dylib
0x00007fff6b6c3000 	/usr/lib/system/libsystem_pthread.dylib
0x00007fff6b6d6000 	/usr/lib/system/libsystem_symptoms.dylib
0x00007fff6b6de000 	/usr/lib/system/libsystem_trace.dylib
0x00007fff6b6f6000 	/usr/lib/system/libunwind.dylib
0x00007fff6b6fc000 	/usr/lib/system/libxpc.dylib
0x00007fff6a144000 	/usr/lib/libobjc.A.dylib
0x00007fff68629000 	/usr/lib/libc++abi.dylib
0x00007fff685d5000 	/usr/lib/libc++.1.dylib
0x00007fff33f35000 	/System/Library/Frameworks/CoreFoundation.framework/Versions/A/CoreFoundation
0x00007fff365fa000 	/System/Library/Frameworks/Foundation.framework/Versions/C/Foundation
0x00007fff3113d000 	/System/Library/Frameworks/AppKit.framework/Versions/C/AppKit
0x00007fff33a41000 	/System/Library/Frameworks/CoreData.framework/Versions/A/CoreData
0x00007fff64b97000 	/System/Library/PrivateFrameworks/UIFoundation.framework/Versions/A/UIFoundation
0x00007fff5f373000 	/System/Library/PrivateFrameworks/RemoteViewServices.framework/Versions/A/RemoteViewServices
0x00007fff6762a000 	/System/Library/PrivateFrameworks/XCTTargetBootstrap.framework/Versions/A/XCTTargetBootstrap
0x00007fff33e24000 	/System/Library/Frameworks/CoreDisplay.framework/Versions/A/CoreDisplay
0x00007fff39372000 	/System/Library/Frameworks/Metal.framework/Versions/A/Metal
0x00007fff4d78f000 	/System/Library/PrivateFrameworks/DesktopServicesPriv.framework/Versions/A/DesktopServicesPriv
0x00007fff69425000 	/usr/lib/liblangid.dylib
0x00007fff4c8db000 	/System/Library/PrivateFrameworks/CoreSVG.framework/Versions/A/CoreSVG
0x00007fff6213a000 	/System/Library/PrivateFrameworks/SkyLight.framework/Versions/A/SkyLight
0x00007fff343b7000 	/System/Library/Frameworks/CoreGraphics.framework/Versions/A/CoreGraphics
0x00007fff2fcdc000 	/System/Library/Frameworks/Accelerate.framework/Versions/A/Accelerate
0x00007fff6a711000 	/usr/lib/libxml2.2.dylib
0x00007fff5849d000 	/System/Library/PrivateFrameworks/IconServices.framework/Versions/A/IconServices
0x00007fff36ddf000 	/System/Library/Frameworks/IOSurface.framework/Versions/A/IOSurface
0x00007fff67e27000 	/usr/lib/libDiagnosticMessagesClient.dylib
0x00007fff4d608000 	/System/Library/PrivateFrameworks/DFRFoundation.framework/Versions/A/DFRFoundation
0x00007fff691b3000 	/usr/lib/libicucore.A.dylib
0x00007fff3227a000 	/System/Library/Frameworks/AudioToolbox.framework/Versions/A/AudioToolbox
0x00007fff3235c000 	/System/Library/Frameworks/AudioUnit.framework/Versions/A/AudioUnit
0x00007fff684f0000 	/usr/lib/libauto.dylib
0x00007fff4d689000 	/System/Library/PrivateFrameworks/DataDetectorsCore.framework/Versions/A/DataDetectorsCore
0x00007fff32ade000 	/System/Library/Frameworks/Carbon.framework/Versions/A/Frameworks/HIToolbox.framework/Versions/A/HIToolbox
0x00007fff3f7bd000 	/System/Library/Frameworks/QuartzCore.framework/Versions/A/QuartzCore
0x00007fff32e1d000 	/System/Library/Frameworks/Carbon.framework/Versions/A/Frameworks/SpeechRecognition.framework/Versions/A/SpeechRecognition
0x00007fff4cf8e000 	/System/Library/PrivateFrameworks/CoreUI.framework/Versions/A/CoreUI
0x00007fff334a7000 	/System/Library/Frameworks/CoreAudio.framework/Versions/A/CoreAudio
0x00007fff362c2000 	/System/Library/Frameworks/DiskArbitration.framework/Versions/A/DiskArbitration
0x00007fff5a4b2000 	/System/Library/PrivateFrameworks/MultitouchSupport.framework/Versions/A/MultitouchSupport
0x00007fff69079000 	/usr/lib/libenergytrace.dylib
0x00007fff36d3a000 	/System/Library/Frameworks/IOKit.framework/Versions/A/IOKit
0x00007fff35325000 	/System/Library/Frameworks/CoreServices.framework/Versions/A/CoreServices
0x00007fff5c5bf000 	/System/Library/PrivateFrameworks/PerformanceAnalysis.framework/Versions/A/PerformanceAnalysis
0x00007fff3e7f3000 	/System/Library/Frameworks/OpenGL.framework/Versions/A/OpenGL
0x00007fff32fcc000 	/System/Library/Frameworks/ColorSync.framework/Versions/A/ColorSync
0x00007fff34a3e000 	/System/Library/Frameworks/CoreImage.framework/Versions/A/CoreImage
0x00007fff35d9b000 	/System/Library/Frameworks/CoreText.framework/Versions/A/CoreText
0x00007fff36e65000 	/System/Library/Frameworks/ImageIO.framework/Versions/A/ImageIO
0x00007fff68651000 	/usr/lib/libcompression.dylib
0x00007fff68169000 	/usr/lib/libMobileGestalt.dylib
0x00007fff63c79000 	/System/Library/PrivateFrameworks/TextureIO.framework/Versions/A/TextureIO
0x00007fff68456000 	/usr/lib/libate.dylib
0x00007fff586a6000 	/System/Library/PrivateFrameworks/InternationalSupport.framework/Versions/A/InternationalSupport
0x00007fff69427000 	/usr/lib/liblzma.5.dylib
0x00007fff690a1000 	/usr/lib/libfakelink.dylib
0x00007fff683e3000 	/usr/lib/libarchive.2.dylib
0x00007fff4172e000 	/System/Library/Frameworks/SystemConfiguration.framework/Versions/A/SystemConfiguration
0x00007fff67d58000 	/usr/lib/libCRFSuite.dylib
0x00007fff326d2000 	/System/Library/Frameworks/CFNetwork.framework/Versions/A/CFNetwork
0x00007fff685b7000 	/usr/lib/libbsm.0.dylib
0x00007fff6b4e1000 	/usr/lib/system/libkxld.dylib
0x00007fff470bf000 	/System/Library/PrivateFrameworks/AppleFSCompression.framework/Versions/A/AppleFSCompression
0x00007fff68938000 	/usr/lib/libcoretls.dylib
0x00007fff6894f000 	/usr/lib/libcoretls_cfhelpers.dylib
0x00007fff6a188000 	/usr/lib/libpam.2.dylib
0x00007fff6a2bb000 	/usr/lib/libsqlite3.dylib
0x00007fff6a6fe000 	/usr/lib/libxar.1.dylib
0x00007fff685c8000 	/usr/lib/libbz2.1.0.dylib
0x00007fff690c2000 	/usr/lib/libiconv.2.dylib
0x00007fff6863e000 	/usr/lib/libcharset.1.dylib
0x00007fff69c2f000 	/usr/lib/libnetwork.dylib
0x00007fff6a18f000 	/usr/lib/libpcap.A.dylib
0x00007fff68398000 	/usr/lib/libapple_nghttp2.dylib
0x00007fff356dc000 	/System/Library/Frameworks/CoreServices.framework/Versions/A/Frameworks/FSEvents.framework/Versions/A/FSEvents
0x00007fff353ac000 	/System/Library/Frameworks/CoreServices.framework/Versions/A/Frameworks/CarbonCore.framework/Versions/A/CarbonCore
0x00007fff3591f000 	/System/Library/Frameworks/CoreServices.framework/Versions/A/Frameworks/Metadata.framework/Versions/A/Metadata
0x00007fff359b8000 	/System/Library/Frameworks/CoreServices.framework/Versions/A/Frameworks/OSServices.framework/Versions/A/OSServices
0x00007fff359e6000 	/System/Library/Frameworks/CoreServices.framework/Versions/A/Frameworks/SearchKit.framework/Versions/A/SearchKit
0x00007fff35326000 	/System/Library/Frameworks/CoreServices.framework/Versions/A/Frameworks/AE.framework/Versions/A/AE
0x00007fff356e5000 	/System/Library/Frameworks/CoreServices.framework/Versions/A/Frameworks/LaunchServices.framework/Versions/A/LaunchServices
0x00007fff3568e000 	/System/Library/Frameworks/CoreServices.framework/Versions/A/Frameworks/DictionaryServices.framework/Versions/A/DictionaryServices
0x00007fff35a4e000 	/System/Library/Frameworks/CoreServices.framework/Versions/A/Frameworks/SharedFileList.framework/Versions/A/SharedFileList
0x00007fff3a647000 	/System/Library/Frameworks/NetFS.framework/Versions/A/NetFS
0x00007fff5a9e2000 	/System/Library/PrivateFrameworks/NetAuth.framework/Versions/A/NetAuth
0x00007fff679f5000 	/System/Library/PrivateFrameworks/login.framework/Versions/A/Frameworks/loginsupport.framework/Versions/A/loginsupport
0x00007fff63774000 	/System/Library/PrivateFrameworks/TCC.framework/Versions/A/TCC
0x00007fff4bcaa000 	/System/Library/PrivateFrameworks/CoreNLP.framework/Versions/A/CoreNLP
0x00007fff59ee2000 	/System/Library/PrivateFrameworks/MetadataUtilities.framework/Versions/A/MetadataUtilities
0x00007fff694ff000 	/usr/lib/libmecabra.dylib
0x00007fff69457000 	/usr/lib/libmecab.dylib
0x00007fff690b2000 	/usr/lib/libgermantok.dylib
0x00007fff6837f000 	/usr/lib/libThaiTokenizer.dylib
0x00007fff67d90000 	/usr/lib/libChineseTokenizer.dylib
0x00007fff2fcf4000 	/System/Library/Frameworks/Accelerate.framework/Versions/A/Frameworks/vImage.framework/Versions/A/vImage
0x00007fff30f97000 	/System/Library/Frameworks/Accelerate.framework/Versions/A/Frameworks/vecLib.framework/Versions/A/vecLib
0x00007fff30edb000 	/System/Library/Frameworks/Accelerate.framework/Versions/A/Frameworks/vecLib.framework/Versions/A/libvMisc.dylib
0x00007fff30d01000 	/System/Library/Frameworks/Accelerate.framework/Versions/A/Frameworks/vecLib.framework/Versions/A/libvDSP.dylib
0x00007fff30360000 	/System/Library/Frameworks/Accelerate.framework/Versions/A/Frameworks/vecLib.framework/Versions/A/libBLAS.dylib
0x00007fff308bb000 	/System/Library/Frameworks/Accelerate.framework/Versions/A/Frameworks/vecLib.framework/Versions/A/libLAPACK.dylib
0x00007fff30c61000 	/System/Library/Frameworks/Accelerate.framework/Versions/A/Frameworks/vecLib.framework/Versions/A/libLinearAlgebra.dylib
0x00007fff30cee000 	/System/Library/Frameworks/Accelerate.framework/Versions/A/Frameworks/vecLib.framework/Versions/A/libSparseBLAS.dylib
0x00007fff30c77000 	/System/Library/Frameworks/Accelerate.framework/Versions/A/Frameworks/vecLib.framework/Versions/A/libQuadrature.dylib
0x00007fff305ca000 	/System/Library/Frameworks/Accelerate.framework/Versions/A/Frameworks/vecLib.framework/Versions/A/libBNNS.dylib
0x00007fff30c7d000 	/System/Library/Frameworks/Accelerate.framework/Versions/A/Frameworks/vecLib.framework/Versions/A/libSparse.dylib
0x00007fff58a65000 	/System/Library/PrivateFrameworks/LanguageModeling.framework/Versions/A/LanguageModeling
0x00007fff4b646000 	/System/Library/PrivateFrameworks/CoreEmoji.framework/Versions/A/CoreEmoji
0x00007fff58b83000 	/System/Library/PrivateFrameworks/LinguisticData.framework/Versions/A/LinguisticData
0x00007fff58b34000 	/System/Library/PrivateFrameworks/Lexicon.framework/Versions/A/Lexicon
0x00007fff6863f000 	/usr/lib/libcmph.dylib
0x00007fff3d219000 	/System/Library/Frameworks/OpenDirectory.framework/Versions/A/Frameworks/CFOpenDirectory.framework/Versions/A/CFOpenDirectory
0x00007fff3d236000 	/System/Library/Frameworks/OpenDirectory.framework/Versions/A/OpenDirectory
0x00007fff45503000 	/System/Library/PrivateFrameworks/APFS.framework/Versions/A/APFS
0x00007fff408df000 	/System/Library/Frameworks/SecurityFoundation.framework/Versions/A/SecurityFoundation
0x00007fff6a6fa000 	/usr/lib/libutil.dylib
0x00007fff4c933000 	/System/Library/PrivateFrameworks/CoreServicesStore.framework/Versions/A/CoreServicesStore
0x00007fff40997000 	/System/Library/Frameworks/ServiceManagement.framework/Versions/A/ServiceManagement
0x00007fff48876000 	/System/Library/PrivateFrameworks/BackgroundTaskManagement.framework/Versions/A/BackgroundTaskManagement
0x00007fff6a7f7000 	/usr/lib/libxslt.1.dylib
0x00007fff47724000 	/System/Library/PrivateFrameworks/AppleSystemInfo.framework/Versions/A/AppleSystemInfo
0x00007fff37082000 	/System/Library/Frameworks/ImageIO.framework/Versions/A/Resources/libJPEG.dylib
0x00007fff37341000 	/System/Library/Frameworks/ImageIO.framework/Versions/A/Resources/libTIFF.dylib
0x00007fff37324000 	/System/Library/Frameworks/ImageIO.framework/Versions/A/Resources/libPng.dylib
0x00007fff36fc3000 	/System/Library/Frameworks/ImageIO.framework/Versions/A/Resources/libGIF.dylib
0x00007fff36fc7000 	/System/Library/Frameworks/ImageIO.framework/Versions/A/Resources/libJP2.dylib
0x00007fff3733f000 	/System/Library/Frameworks/ImageIO.framework/Versions/A/Resources/libRadiance.dylib
0x00007fff6907a000 	/usr/lib/libexpat.1.dylib
0x00007fff4721a000 	/System/Library/PrivateFrameworks/AppleJPEG.framework/Versions/A/AppleJPEG
0x00007fff4fb97000 	/System/Library/PrivateFrameworks/FontServices.framework/libFontParser.dylib
0x00007fff66a4c000 	/System/Library/PrivateFrameworks/WatchdogClient.framework/Versions/A/WatchdogClient
0x00007fff580f2000 	/System/Library/PrivateFrameworks/IOAccelerator.framework/Versions/A/IOAccelerator
0x00007fff39700000 	/System/Library/Frameworks/MetalPerformanceShaders.framework/Versions/A/MetalPerformanceShaders
0x00007fff548e5000 	/System/Library/PrivateFrameworks/GPUWrangler.framework/Versions/A/GPUWrangler
0x00007fff580fd000 	/System/Library/PrivateFrameworks/IOPresentment.framework/Versions/A/IOPresentment
0x00007fff4d61b000 	/System/Library/PrivateFrameworks/DSExternalDisplay.framework/Versions/A/DSExternalDisplay
0x00007fff3db9f000 	/System/Library/Frameworks/OpenGL.framework/Versions/A/Libraries/libCoreFSCache.dylib
0x00007fff39452000 	/System/Library/Frameworks/MetalPerformanceShaders.framework/Frameworks/MPSCore.framework/Versions/A/MPSCore
0x00007fff3948f000 	/System/Library/Frameworks/MetalPerformanceShaders.framework/Frameworks/MPSImage.framework/Versions/A/MPSImage
0x00007fff39551000 	/System/Library/Frameworks/MetalPerformanceShaders.framework/Frameworks/MPSNeuralNetwork.framework/Versions/A/MPSNeuralNetwork
0x00007fff39516000 	/System/Library/Frameworks/MetalPerformanceShaders.framework/Frameworks/MPSMatrix.framework/Versions/A/MPSMatrix
0x00007fff396b1000 	/System/Library/Frameworks/MetalPerformanceShaders.framework/Frameworks/MPSRayIntersector.framework/Versions/A/MPSRayIntersector
0x00007fff3953b000 	/System/Library/Frameworks/MetalPerformanceShaders.framework/Frameworks/MPSNDArray.framework/Versions/A/MPSNDArray
0x00007fff59f2f000 	/System/Library/PrivateFrameworks/MetalTools.framework/Versions/A/MetalTools
0x00007fff466c8000 	/System/Library/PrivateFrameworks/AggregateDictionary.framework/Versions/A/AggregateDictionary
0x00007fff4b0d0000 	/System/Library/PrivateFrameworks/CoreAnalytics.framework/Versions/A/CoreAnalytics
0x00007fff47642000 	/System/Library/PrivateFrameworks/AppleSauce.framework/Versions/A/AppleSauce
0x00007fff6804c000 	/usr/lib/libIOReport.dylib
0x00007fff35f50000 	/System/Library/Frameworks/CoreVideo.framework/Versions/A/CoreVideo
0x00007fff55d53000 	/System/Library/PrivateFrameworks/GraphVisualizer.framework/Versions/A/GraphVisualizer
0x00007fff4f118000 	/System/Library/PrivateFrameworks/FaceCore.framework/Versions/A/FaceCore
0x00007fff3d1c0000 	/System/Library/Frameworks/OpenCL.framework/Versions/A/OpenCL
0x00007fff67e6e000 	/usr/lib/libFosl_dynamic.dylib
0x00007fff5b3dd000 	/System/Library/PrivateFrameworks/OTSVG.framework/Versions/A/OTSVG
0x00007fff3204d000 	/System/Library/Frameworks/ApplicationServices.framework/Versions/A/Frameworks/ATS.framework/Versions/A/Resources/libFontRegistry.dylib
0x00007fff4fd68000 	/System/Library/PrivateFrameworks/FontServices.framework/libhvf.dylib
0x00007fff3dbaa000 	/System/Library/Frameworks/OpenGL.framework/Versions/A/Libraries/libGFXShared.dylib
0x00007fff3dd87000 	/System/Library/Frameworks/OpenGL.framework/Versions/A/Libraries/libGLU.dylib
0x00007fff3dbb3000 	/System/Library/Frameworks/OpenGL.framework/Versions/A/Libraries/libGL.dylib
0x00007fff3dbbe000 	/System/Library/Frameworks/OpenGL.framework/Versions/A/Libraries/libGLImage.dylib
0x00007fff3db9c000 	/System/Library/Frameworks/OpenGL.framework/Versions/A/Libraries/libCVMSPluginSupport.dylib
0x00007fff3dba5000 	/System/Library/Frameworks/OpenGL.framework/Versions/A/Libraries/libCoreVMClient.dylib
0x00007fff69ad1000 	/usr/lib/libncurses.5.4.dylib
0x00007fff31f49000 	/System/Library/Frameworks/ApplicationServices.framework/Versions/A/Frameworks/ATS.framework/Versions/A/ATS
0x00007fff32116000 	/System/Library/Frameworks/ApplicationServices.framework/Versions/A/Frameworks/ColorSyncLegacy.framework/Versions/A/ColorSyncLegacy
0x00007fff321b5000 	/System/Library/Frameworks/ApplicationServices.framework/Versions/A/Frameworks/HIServices.framework/Versions/A/HIServices
0x00007fff3220c000 	/System/Library/Frameworks/ApplicationServices.framework/Versions/A/Frameworks/LangAnalysis.framework/Versions/A/LangAnalysis
0x00007fff3221b000 	/System/Library/Frameworks/ApplicationServices.framework/Versions/A/Frameworks/PrintCore.framework/Versions/A/PrintCore
0x00007fff32261000 	/System/Library/Frameworks/ApplicationServices.framework/Versions/A/Frameworks/QD.framework/Versions/A/QD
0x00007fff3226c000 	/System/Library/Frameworks/ApplicationServices.framework/Versions/A/Frameworks/SpeechSynthesis.framework/Versions/A/SpeechSynthesis
0x00007fff320e6000 	/System/Library/Frameworks/ApplicationServices.framework/Versions/A/Frameworks/ATSUI.framework/Versions/A/ATSUI
0x00007fff68f0e000 	/usr/lib/libcups.2.dylib
0x00007fff387af000 	/System/Library/Frameworks/Kerberos.framework/Versions/A/Kerberos
0x00007fff36a2f000 	/System/Library/Frameworks/GSS.framework/Versions/A/GSS
0x00007fff6a247000 	/usr/lib/libresolv.9.dylib
0x00007fff55ef4000 	/System/Library/PrivateFrameworks/Heimdal.framework/Versions/A/Heimdal
0x00007fff387c2000 	/System/Library/Frameworks/Kerberos.framework/Versions/A/Libraries/libHeimdalProxy.dylib
0x00007fff690b8000 	/usr/lib/libheimdal-asn1.dylib
0x00007fff4a576000 	/System/Library/PrivateFrameworks/CommonAuth.framework/Versions/A/CommonAuth
0x00007fff477c1000 	/System/Library/PrivateFrameworks/AssertionServices.framework/Versions/A/AssertionServices
0x00007fff48364000 	/System/Library/PrivateFrameworks/AudioToolboxCore.framework/Versions/A/AudioToolboxCore
0x00007fff676a6000 	/System/Library/PrivateFrameworks/caulk.framework/Versions/A/caulk
0x00007fff48922000 	/System/Library/PrivateFrameworks/BaseBoard.framework/Versions/A/BaseBoard
0x00007fff5f502000 	/System/Library/PrivateFrameworks/RunningBoardServices.framework/Versions/A/RunningBoardServices
0x00007fff5c5cb000 	/System/Library/PrivateFrameworks/PersistentConnection.framework/Versions/A/PersistentConnection
0x00007fff5ef51000 	/System/Library/PrivateFrameworks/ProtocolBuffer.framework/Versions/A/ProtocolBuffer
0x00007fff4a59b000 	/System/Library/PrivateFrameworks/CommonUtilities.framework/Versions/A/CommonUtilities
0x00007fff48aa5000 	/System/Library/PrivateFrameworks/Bom.framework/Versions/A/Bom
0x00007fff67d1b000 	/usr/lib/libAudioToolboxUtility.dylib
0x00007fff48880000 	/System/Library/PrivateFrameworks/Backup.framework/Versions/A/Backup
0x00007fff4d38b000 	/System/Library/PrivateFrameworks/CrashReporterSupport.framework/Versions/A/CrashReporterSupport
0x00007fff60ffe000 	/System/Library/PrivateFrameworks/Sharing.framework/Versions/A/Sharing
0x00007fff46f65000 	/System/Library/PrivateFrameworks/Apple80211.framework/Versions/A/Apple80211
0x00007fff485a2000 	/System/Library/PrivateFrameworks/AuthKit.framework/Versions/A/AuthKit
0x00007fff4d0bb000 	/System/Library/PrivateFrameworks/CoreUtils.framework/Versions/A/CoreUtils
0x00007fff35f95000 	/System/Library/Frameworks/CoreWLAN.framework/Versions/A/CoreWLAN
0x00007fff36bbb000 	/System/Library/Frameworks/IOBluetooth.framework/Versions/A/IOBluetooth
0x00007fff5a22d000 	/System/Library/PrivateFrameworks/MobileKeyBag.framework/Versions/A/MobileKeyBag
0x00007fff4c186000 	/System/Library/PrivateFrameworks/CorePhoneNumbers.framework/Versions/A/CorePhoneNumbers
0x00007fff471cd000 	/System/Library/PrivateFrameworks/AppleIDAuthSupport.framework/Versions/A/AppleIDAuthSupport
0x00007fff3a654000 	/System/Library/Frameworks/Network.framework/Versions/A/Network
0x00007fff588ed000 	/System/Library/PrivateFrameworks/KeychainCircle.framework/Versions/A/KeychainCircle
0x00007fff33a09000 	/System/Library/Frameworks/CoreBluetooth.framework/Versions/A/CoreBluetooth
0x00007fff62c7a000 	/System/Library/PrivateFrameworks/SpeechRecognitionCore.framework/Versions/A/SpeechRecognitionCore
0x000000010e600000 	/Library/Java/JavaVirtualMachines/jdk-13.0.2.jdk/Contents/Home/lib/server/libjvm.dylib
0x000000010dc70000 	/Library/Java/JavaVirtualMachines/jdk-13.0.2.jdk/Contents/Home/lib/libverify.dylib
0x000000010dc7c000 	/Library/Java/JavaVirtualMachines/jdk-13.0.2.jdk/Contents/Home/lib/libjava.dylib
0x000000010dcba000 	/Library/Java/JavaVirtualMachines/jdk-13.0.2.jdk/Contents/Home/lib/libjdwp.dylib
0x000000010dcf0000 	/Library/Java/JavaVirtualMachines/jdk-13.0.2.jdk/Contents/Home/lib/libinstrument.dylib
0x000000010dd73000 	/Library/Java/JavaVirtualMachines/jdk-13.0.2.jdk/Contents/Home/lib/libzip.dylib
0x000000010dd7a000 	/Library/Java/JavaVirtualMachines/jdk-13.0.2.jdk/Contents/Home/lib/libjimage.dylib
0x000000010ddf9000 	/Library/Java/JavaVirtualMachines/jdk-13.0.2.jdk/Contents/Home/lib/libdt_socket.dylib
0x000000011aae3000 	/Library/Java/JavaVirtualMachines/jdk-13.0.2.jdk/Contents/Home/lib/libnio.dylib
0x000000011aaf1000 	/Library/Java/JavaVirtualMachines/jdk-13.0.2.jdk/Contents/Home/lib/libnet.dylib
0x000000011aba8000 	/Library/Java/JavaVirtualMachines/jdk-13.0.2.jdk/Contents/Home/lib/libextnet.dylib


VM Arguments:
jvm_args: -agentlib:jdwp=transport=dt_socket,address=127.0.0.1:56563,suspend=y,server=n -javaagent:/Users/conor/Library/Caches/IntelliJIdea2019.3/groovyHotSwap/gragent.jar -javaagent:/Users/conor/Library/Caches/IntelliJIdea2019.3/captureAgent/debugger-agent.jar -Dfile.encoding=UTF-8 
java_command: SocketTestKt
java_class_path (initial): /Users/conor/Documents/Uni/s1/ChatServer/build/classes/kotlin/main:/Users/conor/.gradle/caches/modules-2/files-2.1/org.jetbrains.kotlin/kotlin-stdlib-jdk8/1.3.72/916d54b9eb6442b615e6f1488978f551c0674720/kotlin-stdlib-jdk8-1.3.72.jar:/Users/conor/.gradle/caches/modules-2/files-2.1/org.jetbrains.kotlinx/kotlinx-coroutines-core/1.3.7/8e2eb78158638b33793d204ffef0b65c4a578e1c/kotlinx-coroutines-core-1.3.7.jar:/Users/conor/.gradle/caches/modules-2/files-2.1/com.google.code.gson/gson/2.8.6/9180733b7df8542621dc12e21e87557e8c99b8cb/gson-2.8.6.jar:/Users/conor/.gradle/caches/modules-2/files-2.1/org.jetbrains.kotlin/kotlin-stdlib-jdk7/1.3.72/3adfc2f4ea4243e01204be8081fe63bde6b12815/kotlin-stdlib-jdk7-1.3.72.jar:/Users/conor/.gradle/caches/modules-2/files-2.1/org.jetbrains.kotlin/kotlin-stdlib/1.3.72/8032138f12c0180bc4e51fe139d4c52b46db6109/kotlin-stdlib-1.3.72.jar:/Users/conor/.gradle/caches/modules-2/files-2.1/org.jetbrains.kotlin/kotlin-stdlib-common/1.3.72/6ca8bee3d88957eaaaef077c41c908c9940492d8/kotlin-stdlib-common-1.3.72.jar:/Users/conor/.gradle/caches/modules-2/files-2.1/org.jetbrains/annotations/13.0/919f0dfe192fb4e063e7dacadee7f8bb9a2672a9/annotations-13.0.jar:/Applications/IntelliJ IDEA.app/Contents/lib/idea_rt.jar
Launcher Type: SUN_STANDARD

[Global flags]
     intx CICompilerCount                          = 3                                         {product} {ergonomic}
     uint ConcGCThreads                            = 1                                         {product} {ergonomic}
     uint G1ConcRefinementThreads                  = 4                                         {product} {ergonomic}
   size_t G1HeapRegionSize                         = 1048576                                   {product} {ergonomic}
    uintx GCDrainStackTargetSize                   = 64                                        {product} {ergonomic}
   size_t InitialHeapSize                          = 67108864                                  {product} {ergonomic}
   size_t MarkStackSize                            = 4194304                                   {product} {ergonomic}
   size_t MaxHeapSize                              = 1073741824                                {product} {ergonomic}
   size_t MaxNewSize                               = 643825664                                 {product} {ergonomic}
   size_t MinHeapDeltaBytes                        = 1048576                                   {product} {ergonomic}
   size_t MinHeapSize                              = 8388608                                   {product} {ergonomic}
    uintx NonNMethodCodeHeapSize                   = 5832780                                {pd product} {ergonomic}
    uintx NonProfiledCodeHeapSize                  = 122912730                              {pd product} {ergonomic}
    uintx ProfiledCodeHeapSize                     = 122912730                              {pd product} {ergonomic}
    uintx ReservedCodeCacheSize                    = 251658240                              {pd product} {ergonomic}
     bool SegmentedCodeCache                       = true                                      {product} {ergonomic}
   size_t SoftMaxHeapSize                          = 1073741824                             {manageable} {ergonomic}
     bool UseCompressedClassPointers               = true                                 {lp64_product} {ergonomic}
     bool UseCompressedOops                        = true                                 {lp64_product} {ergonomic}
     bool UseG1GC                                  = true                                      {product} {ergonomic}

Logging:
Log output configuration:
 #0: stdout all=warning uptime,level,tags
 #1: stderr all=off uptime,level,tags

Environment Variables:
PATH=/usr/local/bin:/usr/bin:/bin:/usr/sbin:/sbin:/Applications/Visual Studio Code.app/Contents/Resources/app/bin
SHELL=/bin/zsh

Signal Handlers:
SIGSEGV: [libjvm.dylib+0x77ba40], sa_mask[0]=11111111011111110111111111111111, sa_flags=SA_ONSTACK|SA_RESTART|SA_SIGINFO
SIGBUS: [libjvm.dylib+0x77ba40], sa_mask[0]=11111111011111110111111111111111, sa_flags=SA_RESTART|SA_SIGINFO
SIGFPE: [libjvm.dylib+0x77ba40], sa_mask[0]=11111111011111110111111111111111, sa_flags=SA_RESTART|SA_SIGINFO
SIGPIPE: [libjvm.dylib+0x6221fd], sa_mask[0]=11111111011111110111111111111111, sa_flags=SA_RESTART|SA_SIGINFO
SIGXFSZ: [libjvm.dylib+0x6221fd], sa_mask[0]=11111111011111110111111111111111, sa_flags=SA_RESTART|SA_SIGINFO
SIGILL: [libjvm.dylib+0x77ba40], sa_mask[0]=11111111011111110111111111111111, sa_flags=SA_RESTART|SA_SIGINFO
SIGUSR2: [libjvm.dylib+0x6227e7], sa_mask[0]=00100000000000000000000000000000, sa_flags=SA_RESTART|SA_SIGINFO
SIGHUP: [libjvm.dylib+0x6217d5], sa_mask[0]=11111111011111110111111111111111, sa_flags=SA_RESTART|SA_SIGINFO
SIGINT: [libjvm.dylib+0x6217d5], sa_mask[0]=11111111011111110111111111111111, sa_flags=SA_RESTART|SA_SIGINFO
SIGTERM: [libjvm.dylib+0x6217d5], sa_mask[0]=11111111011111110111111111111111, sa_flags=SA_RESTART|SA_SIGINFO
SIGQUIT: [libjvm.dylib+0x6217d5], sa_mask[0]=11111111011111110111111111111111, sa_flags=SA_RESTART|SA_SIGINFO


---------------  S Y S T E M  ---------------

OS:uname:Darwin 19.3.0 Darwin Kernel Version 19.3.0: Thu Jan  9 20:58:23 PST 2020; root:xnu-6153.81.5~1/RELEASE_X86_64 x86_64
rlimit: STACK 8192k, CORE 0k, NPROC 1392, NOFILE 10240, AS infinity, DATA infinity, FSIZE infinity
load average:2.53 2.26 2.12

CPU:total 4 (initial active 4) (2 cores per cpu, 2 threads per core) family 6 model 61 stepping 4, cmov, cx8, fxsr, mmx, sse, sse2, sse3, ssse3, sse4.1, sse4.2, popcnt, avx, avx2, aes, clmul, erms, 3dnowpref, lzcnt, ht, tsc, tscinvbit, bmi1, bmi2, adx, fma

Memory: 4k page, physical 4194304k(161516k free), swap 3145728k(997376k free)

vm_info: Java HotSpot(TM) 64-Bit Server VM (13.0.2+8) for bsd-amd64 JRE (13.0.2+8), built on Dec 11 2019 09:27:08 by "mach5one" with clang 4.2.1 Compatible Apple LLVM 10.0.0 (clang-1000.11.45.5)

END.
